overall length inches
about 5067 inches

almost bright
entirely bright
plumage white
black primary white
secondary remiges
which visible
hardly visible
flight visible
upper head
grey hue
small crest
wispy white crest
bill long
vivid orange season long
bare iris season long
eye iris season long
bare skin
eye skin
upper bill
flattened bill
about one-third length
tip length
naked yellow
facial yellow
naked bill
facial bill

darker nape
immature birds
light plumage
grey plumage
bare parts grey
dull grey
