light upperparts
brown upperparts
pale underparts
darker streaks
darker streaks back
pale stripe
dark crown
brown crown
pale stripe crown
light patch
brown patch
brown wings
white line
eyes line
dark line
eyes line
short bill pale
dark tip
long tail
neck back grey
black-streaked upperparts
brown upperparts
black-streaked underparts
brown underparts
face pale
crisp crown
brown crown
crisp patch
brown patch
white eyestripe
gray nape



small bill
these birds
mostly birds
pale birds
tan-and-gray birds
contrasting pattern
pale gray collar mark
helpful mark
year times mark
