stout bills
pointed bills
dark bill
females orangish underparts
females orangish olive
olive-brown wings
olive-brown tail
it clearer
scarlet tanager song clearer

gray bill

olive-yellow upperparts
dull underparts
yellow underparts


catching wing


entirely bright
immature females yellower
bright yellower
immature females yellower head
bright yellower head
immature females yellower underparts
bright yellower underparts
slightly greener
immature females yellow-green back
bright yellow-green back
immature females yellow-green wings
bright yellow-green wings
immature males
males yellow
patchy yellow
