3339 cm length
7685 cm wingspan
white forehead
black nape
black crown
white cheeks
white plumaged
grey mantle mm
305 mm
collar white
completely white
upper wing grey
white edge
deeply forked tail whitish
ear-coverts hindcrown black
tern bird
medium-sized bird
3336 cm bird
tail tip beak tip cm bird
wingspan cm
7685 cm

short legs
beak red
dark red
black nape
black crown
white cheeks
tail white

crown whiter
bills darker
black bill legs
dark tips
dark bar
carpal bar
short streamers
black bill adults

longer tail
mono-coloured bill
longer wings
main differences colour
roseate differences colour
slightly darker colour
darker wingtips

