predominantly dark plumage
25 cm
6/1 cm
short legs
dark legs
short bill
weak-looking bill
black bill
28 mm
bill slender
long slender
slightly decurved
dark back
grey back
white forehead
black head
white neck
white belly
black cap
light tail
brownish-grey tail
square tail
face white
big patch
dark patch
eye patch
broadish collar
white collar
juveniles collar
downwards extension
upperparts plumage extension
white breast ides
grayish-brown smudges ides

black most
upperparts plumage
pale feather-edgings
rump brownish-gray
