(amod) streaks dark
(amod) parts brown
(amod) parts upper
(amod) streaks thin
(amod) streaks dark
(amod) underparts buffy
(nsubj) reddish-brown brown thrasher
(amod) reddish-brown bright
(amod) chest whitish-colored
(amod) markings distinguished
(amod) markings teardrop-shaped
(amod) tail long rufous
(nsubj) yellow eyes
(amod) yellow brilliant
(amod) corners paler
(nsubj) brownish bill
(advmod) brownish long
(advmod) curves downward

(amod) markings indiscreet
(amod) markings upper
(amod) color olive
(amod) species more brownish

(nsubj) cm chord
(nsubj) cm tail
(nsubj) cm culmen
(nsubj) cm tarsus
(amod) measurements standard
(amod) bars whiter
(amod) part more
(amod) part upper
(amod) spots darker

(amod) head gray
(amod) bill longer
(amod) eyes dark
(amod) tail shorter
(amod) spots dark
