thin streaks
dark streaks
buffy underparts
thin streaks underparts
dark streaks underparts
thrasher reddish-brown
bright reddish-brown
long rufous tail
eyes gold
brilliant gold
13in wingspan
average mass
oz mass
rufous upperparts
brown underparts
eyes yellow
lower mandible
pale base
black white
black bars
tail long
legs brown
heavy bill
slightly downcurved bill
staring eyes
yellow eyes

long proportions
legs long
bill downcurved
long downcurved
tail long
heavy streaking
dark streaking
whitish underparts
heavy streaking underparts
dark streaking underparts

