blue-grey head
bold bars
yellow bars


two bars
bold bars
yellow bars
edge down bars
wing bars
deep crown
blue-grey crown
olive body
green body
upper body
immature vireos
blue-headed vireos
thinner bill
brownish-grey crown
lighter patches
yellow patches
sexual dimorphism little
males dimorphism little
126-148 millimetres length

darker back
larger length
76-83 millimetres length
.5 millimetres length
11-12 millimetres length
69.2-77 millimetres length
.8 millimetres length
8.9-11 millimetres length
conversely smaller
solitarius smaller
slightly smaller
sexual dimorphism
group sexes dimorphism
eggs white
creamy white
