adults olive
mainly olive
adults olive head
mainly olive head
adults olive upperparts
mainly olive upperparts
yellow throat
white belly
dark eyes
yellow spectacles
tail dark
white bars
thick legs
blue-grey legs
stout bill
olive-gray upperparts
gray rump
throat yellow
bright yellow
belly white
eyes dark
spectacles yellow
wings dark
two bars
white bars
legs black
green upperparts
bright throat
yellow throat
bright breast
yellow breast
bright eye
yellow eye
belly tail
white tail
white wingbars
paler yellow
below yellow
more brownish
