pale cerulean upperparts
blue upperparts
white underparts
black necklace
breast necklace
black streaks
they have back
also have back
greenish upperparts
pale stripe
eye stripe
streaking back
streaking necklace
immature birds
thin bars
pointed bars
thin bill
pointed bill
faintly upperparts
streaked upperparts
black-streaked flanks
white flanks
black band
white throat
white belly
two bars
bold bars
white bars
blue-gray upperparts
yellow wash
female unstreaked face
female unstreaked breast
pale streaks
pale streaks flanks
yellow eyebrows
immature bird paler
all paler
more olive
broad wingbars
white wingbars
same color stripes
white chest sides


breast sides
dark band
throat band
blue eyestripe
black streaks



breast sides
white wingbars


gray-green olive back
bluish gray


dark ear
white wingbars
