30 cm
length cm
faint markings
black markings
faint markings face
black markings face
white streaks
white streaks neck
coloring green
emerald green
male identical
almost identical
black spot
noticeable difference lack
two species difference lack
australian species difference lack
black ear-coverts lack
dorsal lack
30 cm

large head
dusky head
colored head
blackish cap
black ear-patch
mostly upperparts
bright-green upperparts
white streaking
slim bars
white bars
white-tipped tail
green tail
eye red
legs dark

two colors
various proportions colors


