11 cm
long and cm
distinctly smaller
chiffchaff smaller
slightly larger
warbler larger
overall upperparts
greenish upperparts
white underparts
prominent bars
double bars
yellowish-white tips
long supercilium
yellow supercilium
covert feathers
faint green stripe
paler green stripe
central stripe
faint bar
second bar
dark legs
lower mandible
only possibility warbler
real possibility warbler
confusion possibility warbler
similar-looking warbler
duller colours

conspicuous crown
yellow crown
central crown
