woodpeckers black
mainly black
woodpeckers black upperparts
mainly black upperparts
woodpeckers black wings
mainly black wings
white back
white throat
white belly
white white
spotting wings
white bar
eye bar
black tail
white feathers
outer feathers
red patch
head back
red patch back
red cap
woodpecker identical
virtually identical
plumage pattern identical
much larger woodpecker identical
black spots
white feathers
it distinguished feathers
hairy distinguished feathers
presence distinguished feathers
