brown upperparts
light belly
brown belly
brown flanks
white throat
white breast
back black
white stripes
dark cap
short bill
thin bill
white line
short eyes line
thin eyes line
warm upperparts
brown upperparts
black-and-white patch
upper back
black-and-white patch back
dull underparts
white underparts
pale sides
brown sides
crown dark
eyebrows white
tail short
relatively short
black bill slender
black bill long
legs black
thin bill

dark cap

bold streaks
black-and-white streaks
bold streaks back
black-and-white streaks back
buffy flanks
whitish chest
bold streaking
only eyestripe
indistinct eyestripe
