grey-brown upperparts
small black
grey underparts
light rump
brown rump
12 adults
cm adults
long adults
white spots
long bill
slightly decurved bill
thin bill
long tail
barred tail
dark legs
light line
grey line
long eye line
slightly decurved eye line
thin eye line
white-speckled upperparts
gray upperparts
brown rump
white-over-black brow
white throat
white-speckled breast
gray breast
fine gray streaks
buff-yellow flanks
buff-yellow belly
pale tip
undertail coverts white
black bars
long tail buff-and-black



thin bill
description juvenile underparts
