about 3.3 ft wingspan
metallic iridescence
two crests
short crests
white thighs
scattered filoplumes head
white filoplumes head
scattered filoplumes neck
white filoplumes neck
long bill black
thin bill black
year black
dark skin patch
naked skin patch
eye skin patch

brown dark
slightly lighter brown underside
immature birds

pelagicus eye
larger crests
naked skin
facial skin
bill urile
p. eye urile
large mask
naked mask
light bill
urile bill
thicker bill
white thighs
plumage thighs
identical call
plumage grow head
black feet
white filoplumes
white patches
present species patches
