red eyes
male cowbird long
20 cm long
green-bronze plumage
glossed plumage
black plumage
female long
18.5 cm long
56 g
she black
duller black
above black
below black

blue sheen
blue sheen wings
blue sheen tail
bill dark
eyes red
rapid wing

medium-long tail

male black
shiny black
red eyes
dull gray-brown

bronzy iridescence back
bronzy iridescence rump
feathers ruff
feathers neck

brownish orange red eyes
nonbreeding season orange red eyes

black brown


indistinct streaks
dark streaks
indistinct streaks breast
dark streaks breast
indistinct streaks belly
dark streaks belly
