light underparts
salmon-pink flanks
dark wings
gray wings
pale heads
gray heads
upper parts
which black
which black underside
extremely long tails
forked tails
immature birds duller
color duller
tail feathers
pale upperparts
gray upperparts
pale head
gray head
white underparts
white throat
salmon-pink sides
salmon-pink flanks
dark wings
brown wings
white edges

insects wing
very forked tails
long forked tails
stiff forked tails
deeply forked tails

blackish wings
these birds
pale birds
gray birds
black tails
white edges
