
strongly dimorphic
males red
bright red
dark plumage
brown plumage
peach-coloured belly
dark upperside
grey upperside
gray-black upperparts
scarlet-red crown
small flycatcher
stocky flycatcher
thick black eye-line
thin tip
white tip
wings gray-black
gray-brown upperparts
white underparts
brown streaks
dark belly light


streaked whitish chest
female crown
dull grayish crown
brown crown
above crown
male crown
lower face
pale red
streaked whitish tail red
brilliant scarlet
eye upperparts
eye nape
eye mask
tail wings
dark wings
tail blackish
dark blackish
white tip
narrow tail
female upperparts
throat white underparts
pale salmon
grayish brown
white stripe
gray line
tail wings
dark wings
tail grayish
dark grayish
few pinkish
some have crown
scaly back
white underparts
scaly dusky
white feathers
outer feathers
