13 cm
long wingspan
21 wingspan
25 cm
red face
black head
warm upperparts
brown upperparts
white underparts
black wings
sexes similar
broadly similar
male goldfinches distinguished
often distinguished
larger mask distinguished
darker mask distinguished
red mask distinguished
red face
ivory-coloured bill pointed
ivory-coloured bill long
white bill
year rest tip mark
plain head
plain back
unmistakable due
yellow stripe due
plain grey head
red face head
black pattern
european birds pattern
asian birds pattern
song twittering
pleasant twittering
silvery twittering
