

(amod) irises yellowish
(amod) irises white
(amod) plumes white
(amod) plumes auricular
(amod) sooty dark
(nsubj) grey legs
(advmod) crests additionally
(amod) crests slightly smaller
(advmod) bills slightly
(amod) bills smaller
(amod) bills curved
(amod) feathers black
(amod) feathers forward-curving
(nsubj) variable crests
(advmod) variable highly
(amod) length variable
(amod) bill bright
(amod) plates curved
(nsubj) crest first
(amod) patch small
(amod) yellow dull


(amod) yellow dull
(amod) yellow brownish
