short tail
black tail
black wings
large bill
pale bill
bright forehead
yellow forehead
large patch
white patch
wing patch
head brown
greyer underparts
white patches
wings patches

bright back
yellow back
bright rump
yellow rump
bright underparts
yellow underparts
heavy bill
pale bill
bright eyebrows
yellow eyebrows
head brown
dark brown
wings dark
tail dark
bold patches
white patches
secondary patches
secondary patch gray
inner primaries base white

soft plumage
gray plumage
golden highlights plumage


thick neck
full chest
relatively short tail
prominent patch
white patch
wings patch
grosbeaks birds
yellow birds
bright-yellow stripe
eye stripe
dark heads
