adults white
gray back
gray wings
black wingtips
pink legs
white spots
gulls darker
dark tail
immature birds
long powerful bill
full chest
long powerful forehead
males long
6066 cm long
females long
5662 cm long
wingspan cm
120150 cm
white head
white rump
white tail
white underparts
pale back
gray back
wingtips black
rear edge white
wing edge white
white spots
underwing grayish
outer feathers grayish
primary feathers grayish
dark tips
legs pink
normally pink
bluish tinge
occasionally yellow
bill yellow
red spot
lower mandible
red spot mandible
eye bright
medium yellow
bare ring
yellow ring
it ring

dark tail
brown rump
dark bars
dark primaries
outer primaries
pale primaries
inner primaries
dark eyes
dark bill
head paler
often paler
body paler
pale eye
black tip
show back
gray feathers
still have bill
black band
black band tail
more upperparts
more underparts
more rump
tail base
brown markings
pale background
blue background
brown markings background
they long
72 mm long
