around 60 cm
white head
gray wings
yellow bill
red spot
subterminal spot
larger flatter
larger head
thicker bill
lower part
bill part
hybrids have part

gray upperparts
white head
white neck
white tail
white underparts
yellow eyes
bright bill
yellow bill
red spot
tip spot
pale legs
pink legs

strong beats
steady beats
soars thermals



dark slate

dark head
clove-brown head
dark back
dark wings
light edgings
feathers edgings
dark brown
feathers wing
above gray
glossy gray

pink overtones
dark eyes
brown eyes
lighter throat
lighter breast
lighter head juvenal
dark eyes
brown eyes
especially head
especially whiter
dark feathers
gray feathers
worn feathers
dark eyes
brown eyes

brown gray
underparts white
tips black


largely white head
largely white neck
entirely dark
back gray
mostly white
then black
white tip

otherwise white neck
dirty brown neck
otherwise white head
dirty brown head


largely white
dark smudging
white tips
outer feathers
black feathers
white spots
subterminal spots
broad tips
white tips

neck head
pure head
white head
neck streaking
pure streaking
white streaking
all gray

dark smudging
