about 8 cm
long bill
female larger
slightly larger
male larger
white breast
iridescent face
orange-red face
iridescent patch
orange-red patch
green crown
and/or crown
green upperparts
dark tail
white tips
white base
iridescent feathers
orange feathers
throat center feathers
12 cm

belly greyish
pale greyish
vent rufous
slightly forked tail rufous
dusky tip
throat green
crown green
black tip
upper mandible
black extensive mandible
more extensive mandible
almost straight bill red
immatures identical
virtually identical
female identical
