67 cm
length cm
138 cm
wingspan cm
which cm
about 10 cm
length cm
upper limit
length limit
elongated streamer
adults streamer
they bulkier
much bulkier
skua bulkier

mainly underparts
white underparts
mainly dark
white dark
white flash
brown feathers
mainly back feathers
white back feathers
primary feathers
black cap
head yellowish-white
dark adults dark
brown dark
head dark
somewhat paler underparts
white flash
diagnostic flash
double flash
diagnostic flash underwing
double flash underwing
horizontal twisted
