28 cm
length cm
bright back
blue back
bright wings
blue wings
bright tail
blue tail
lower belly
lower head chestnut
throat white
large legs
large bill red
bright red
short rounded wings
blue wings
flight visible wings
large patches visible wings
white patches visible wings
juveniles version
duller version
adult version
blue shades
blue mantle
which greenish
more greenish
smyrnensis greenish
saturatior purplish
only neck
white neck
only throat
white throat
darker underside
brown underside
nominate race underside
slightly smaller
darker underparts
brown underparts


white throat
bill high
