84-92cm wingspan
distinguishing feature
name implicit feature
juvenile kittiwakes feature
black-legged kittiwakes feature
shorter bill
larger eyes
larger head
rounder head
darker wings
grey wings
black band
wings w
gray back
gray wings
small bill
yellow bill
bright legs
red legs



mostly white adults
dark grey
black tips
outer primaries tips
scarlet legs
more black
outer primaries
more black primaries
primary coverts
extensive white coverts
inner primaries
primary coverts primaries
extensive white coverts primaries
inner secondaries
primary coverts secondaries
extensive white coverts secondaries

longer bill
black legs
