bright head
green head
female brown
light brown

81 wingspan
bright head
bottle-green head
yellowish bill
orange bill
black end
rear end
white collar
purple-tinged breast
brown breast
grey wings
brown wings
pale belly
grey belly
dark tail
white borders
darker crown
distinct speculum
purple speculum
hatching yellow
plumage colouring yellow
duckling colouring yellow
hatching yellow underside
plumage colouring yellow underside
duckling colouring yellow underside
hatching yellow face
plumage colouring yellow face
duckling colouring yellow face
hatching black
plumage colouring black
duckling colouring black
head back
head top
legs black
also black
colouring yellow
males yellow
females yellow


orange-lined bill
white belly
black speculum
flight wings
white square wings
deeper stereotypically
