pointed bill
white bars
orange head
black face
black throat
they black
they black back
they black wings
they black tail
orange underparts
yellowish breast
yellowish belly
upper parts
adult female olive-green parts
bright head
bright nape
black back
black face
black throat
upper breast
bill decurved
slightly decurved
two bars
white bars




long tail
male orange
bright orange
black bib
female yellow
drab yellow

narrow bib
narrow mask
pale edges
fresh plumages edges

olive yellow
olive yellow head
olive yellow rump
olive yellow tail

dull grayish
two wingbars
white wingbars
top one
broader one

black bib
less extensive bib
adult male bib
black mask
less extensive mask
adult male mask

dusky gray
two wingbars
white wingbars
