35 centimetres
length centimetres
olive-brown upperparts
white underparts
olive hue
white ring
black stripe
olive-green tips
orange feathers
head top
small crest
orange feathers
upper eyes dark
thin beak eyes dark
pointed beak eyes dark
legs pinkish
upper part
thin beak part
pointed beak part

immature birds
tawny fringes
tertiary remiges coverts fringes
outer coverts fringes
primary coverts fringes
which visible
hardly visible
adult birds visible
olive-green tips larger
feathers tips larger
far larger
extent larger
immatures larger
orange corwn-stripe
call chik
variably chik
pitched chik
sharp chik

