(NSUBJ, dimorphic, red-winged blackbird)
(ADVMOD, dimorphic, sexually)
(NSUBJ, black, male)
(ADVMOD, black, all)
(AMOD, bar, yellow)
(NSUBJ, brown, female)
(AMOD, brown, nondescript)
(AMOD, brown, dark)
(AMOD, wingbar, pale)
(AMOD, wingbar, yellow)

(NUMMOD, length, 18)
(NUMMOD, cm, 24)
(NUMMOD, g, 64)
(NMOD, paler, below)
(AMOD, fringes, buff)
(AMOD, bill, sharply pointed)
(NSUBJ, length, tail)
(NSUBJ, rounded, tail)
(NSUBJ, black, eyes)
(ADVMOD, black, all)
(AMOD, epaulet, darker)
(AMOD, epaulet, red)
(NUMMOD, measure, 24.8)
(NUMMOD, mm, 17.55)
(ADVMOD, glossy, slightly)
(AMOD, black, brown)
(AMOD, black, purple)
(AMOD, black, and/or)
(AMOD, markings, most)
(AMOD, bluish, pale)
