(NSUBJ, inches, overall length)
(NUMMOD, inches, about 5067)

(ADVMOD, bright, almost)
(ADVMOD, bright, entirely)
(NSUBJ, white, plumage)
(NMOD:EXCEPT, white, black primary)
(AMOD, remiges, secondary)
(NSUBJ, visible, which)
(ADVMOD, visible, hardly)
(NMOD:EXCEPT, visible, flight)
(AMOD, head, upper)
(AMOD, hue, grey)
(AMOD, crest, small)
(AMOD, crest, wispy white)
(NSUBJ, long, bill)
(NMOD:IN, long, vivid orange season)
(NMOD:IN, long, bare iris season)
(NMOD:IN, long, eye iris season)
(AMOD, skin, bare)
(NMOD:AROUND, skin, eye)
(AMOD, bill, upper)
(NMOD:ON, bill, flattened)
(NUMMOD, length, about one-third)
(NMOD:BEHIND, length, tip)
(AMOD, yellow, naked)
(AMOD, yellow, facial)
(AMOD, bill, naked)
(AMOD, bill, facial)

(AMOD, nape, darker)
(AMOD, birds, immature)
(AMOD, plumage, light)
(AMOD, plumage, grey)
(NSUBJ, grey, bare parts)
(AMOD, grey, dull)
