(AMOD, upperparts, light)
(AMOD, upperparts, brown)
(AMOD, underparts, pale)
(AMOD, streaks, darker)
(NMOD:ON, back, darker streaks)
(AMOD, stripe, pale)
(AMOD, crown, dark)
(AMOD, crown, brown)
(NMOD:ON, crown, pale stripe)
(AMOD, patch, light)
(AMOD, patch, brown)
(AMOD, wings, brown)
(AMOD, line, white)
(NMOD:OVER, line, eyes)
(AMOD, line, dark)
(NMOD:THROUGH, line, eyes)
(NSUBJ, pale, short bill)
(AMOD, tip, dark)
(AMOD, tail, long)
(NSUBJ, grey, neck back)
(AMOD, upperparts, black-streaked)
(AMOD, upperparts, brown)
(AMOD, underparts, black-streaked)
(AMOD, underparts, brown)
(NSUBJ, pale, face)
(AMOD, crown, crisp)
(AMOD, crown, brown)
(AMOD, patch, crisp)
(AMOD, patch, brown)
(AMOD, eyestripe, white)
(AMOD, nape, gray)



(AMOD, bill, small)
(NSUBJ, birds, these)
(ADVMOD, birds, mostly)
(AMOD, birds, pale)
(AMOD, birds, tan-and-gray)
(AMOD, pattern, contrasting)
(NSUBJ, mark, pale gray collar)
(AMOD, mark, helpful)
(NMOD:AT, mark, year times)
