(NMOD:OF, length, 16cm)
(AMOD, black, brown)
(AMOD, markings, brown)

(AMOD, head, large)
(AMOD, head, rounded)
(AMOD, tail, short)
(AMOD, bill, stout)


(NSUBJ, shades, sparrow plumage)
(ADVMOD, shades, mostly)
(AMOD, shades, different)
(NMOD:OF, shades, grey)
(ADVMOD, buff, mostly)
(NSUBJ, duller, male)
(NMOD:IN, duller, fresh plumage)
(NMOD:IN, duller, non-breeding plumage)
(AMOD, markings, wear)
(AMOD, markings, expose)
(AMOD, markings, bright)
(NMOD:OF, markings, brown)
(NMOD:INCLUDING, markings, patch)
(AMOD, crown, grey)
(NMOD:ON, throat, black)
(NSUBJ, grey, cheeks)
(AMOD, grey, pale)
(AMOD, rump, lower)
(AMOD, coverts, uppertail)
(NSUBJ, brown, mantle)
(ADVMOD, brown, back)
(AMOD, brown, warm)
(ADVMOD, brown, streaked broadly)
(NSUBJ, greyish-brown, lower back)
(NMOD:ON, head, black)
(AMOD, crown, grey)
(AMOD, upperparts, grey)
(NSUBJ, pink, beak)
(NMOD:TO, pink, dull yellow)
(NSUBJ, brown, juvenile)
(ADVMOD, brown, deeper)
(AMOD, cheeks, grey)
(AMOD, cheeks, white)
(NMOD:ON, crown, bright colouration)
(AMOD, bill, smaller)
(AMOD, bib, longer)
(AMOD, bib, black)
(NSUBJ, paler, underparts)
(AMOD, plumage, worn)
(NMOD:OF, plumage, male)
(NMOD:IN, speckled, which)
(NSUBJ, speckled, head)
(NSUBJPASS, paler, balearoibericus)
(ADVMOD, paler, slightly)
(NMOD:THAN, paler, nominate)
(NSUBJ, paler, bibilicus)
(NMOD:THAN, paler, most subspecies)
(AMOD, cheeks, grey)
(NMOD:OF, cheeks, domesticus birds)
(NSUBJ, paler, similar persicus)
(NSUBJ, identical, niloticus)
(ADVMOD, identical, nearly)
(ADVMOD, black, more)
(NMOD:THAN, breast, other subspecies)
(NMOD:ON, breast, more black)
(NSUBJ, paler, hufufae)
(NSUBJ, identical, it)
(ADVMOD, identical, nearly)
(NMOD:TO, identical, sparrow females)
(ADVMOD, slender, more)
(AMOD, crown, chestnut)
(AMOD, patch, black)
(NMOD:ON, cheek, sparrow smaller)
(ADVMOD, black, less)
(NMOD:ON, throat, less black)
(AMOD, supercilium, distinct)
(AMOD, supercilium, pale)


(AMOD, beaks, stubby)
(AMOD, beaks, conical)

(AMOD, dimensions, external)
(NMOD:OF, dimensions, 20 cm)
(NMOD:OF, dimensions, 30 cm)
(NMOD:IN, 20-22mm, length)
