(AMOD, upperparts, brown)
(AMOD, breast, light)
(AMOD, breast, brown)
(AMOD, belly, white)
(AMOD, bars, brown)
(AMOD, tail, forked)
(AMOD, face, grey)
(AMOD, crown, rusty)
(AMOD, ring, white)
(AMOD, bill, pink)

(AMOD, streaks, dark)
(AMOD, breast, unstreaked)
(AMOD, breast, buff)
(AMOD, rump, gray-brown)
(AMOD, head, rufous)
(AMOD, cap, rufous)
(AMOD, eye-ring, white)


(NMOD:LIKE, measures, program)
(AMOD, heads, rounded)
(AMOD, eyering, distinct)
(AMOD, eyering, white)
(AMOD, bill, pink)
(AMOD, underparts, pale)
(NSUBJ, gray, head)
(AMOD, gray, pale)
(NMOD:BEHIND, gray, eye)
(AMOD, crown, bright)
(AMOD, throat, whitish)
(AMOD, stripes, soft)
(AMOD, stripes, orange-rufous)
(AMOD, streaks, black)
(AMOD, rump, gray)
(AMOD, tail, gray)
(NSUBJ, brown, back)
