(amod) length total
(nsubj) cm chord
(nsubj) cm tail
(nsubj) cm bill
(nsubj) cm tarsus
(amod) measurements standard

(amod) bills conspicuous
(amod) bills pink
(amod) streaking heavy
(amod) streaking black
(nsubj) brown back
(amod) bars white
(amod) underparts white
(amod) underparts lower
(nsubj) buffy non-breeding adults
(advmod) buffy more
(amod) black absent
(amod) scalloping whitish
(amod) chin white
(amod) stripe black
(amod) stripe malar
(amod) less black
(amod) breast-band broad
(amod) breast-band smudgy
(amod) breast-band black
(amod) crown brownish
(amod) streaks black
(amod) streaks dark
(amod) markings broader
(amod) markings black
(nsubj) mm 22.2 average eggs
