(AMOD, upperparts, brown)
(AMOD, breast, light)
(AMOD, breast, brown)
(AMOD, streaks, white)
(AMOD, belly, white)
(AMOD, throat, white)
(AMOD, stripe, pale)
(NMOD:ON, crown, pale stripe)
(AMOD, stripe, dark)
(AMOD, face, olive)
(AMOD, neck, olive)
(AMOD, wings, rust-coloured)
(AMOD, tail, short)
(AMOD, tail, dark)
(AMOD, upperparts, black-streaked)
(AMOD, upperparts, brown)
(NSUBJ, buff, breast)
(AMOD, buff, dark-streaked)
(AMOD, buff, pale)
(NSUBJ, white, throat)
(NSUBJ, olive-brown, head)
(AMOD, lines, dark)



(AMOD, head, large)
