(AMOD, upperparts, brown)
(AMOD, streaks, dark)
(NMOD:ON, back, adults have)
(NMOD:IN, white, breast middle)
(AMOD, streaking, dark)
(AMOD, spot, dark)
(AMOD, spot, brown)
(AMOD, cap, brown)
(AMOD, tail, long)
(AMOD, tail, brown)
(NSUBJ, grey, face)
(NMOD:THROUGH, grey, eye)
(AMOD, tail, shorter)
(AMOD, tail, greyer)
(AMOD, head, differently-patterned)
(AMOD, cheeks, brown)
(AMOD, patch, clear-cut)
(AMOD, tail, forked)
(NMOD:ON, face, sparrow has)
(AMOD, flecks, yellowish)

(AMOD, streaks, strong)
(AMOD, streaks, black)
(AMOD, streaks, dark)
(AMOD, large, dark)
(AMOD, rufous, small)
(AMOD, rufous, pale streaks)
(AMOD, throats, black-spotted)
(AMOD, throats, white)
