(NSUBJ, cm, sparrow)
(NUMMOD, cm, 17)
(NMOD:IN, cm, length)
(NMOD:OF, wingspan, 23 cm)
(NSUBJ, black, crown)
(AMOD, stripe, white)
(AMOD, stripe, central)
(NSUBJ, white, supercilium)
(NSUBJ, gray, auriculars)
(AMOD, edge, upper)
(AMOD, line, black)
(AMOD, stripe, tan)
(AMOD, stripe, central)
(NSUBJ, brown, crown)
(AMOD, brown, dark)

(AMOD, edge, upper)
(AMOD, eyes, dark)
(AMOD, throat, white)
(AMOD, lores, yellow)
(AMOD, bill, gray)
(AMOD, stripes, dark)
(AMOD, stripes, lateral)
(NMOD:OF, stripes, throat side)
(AMOD, morph, opposite)
(NMOD:FOR, morph, breeding)
(ADVMOD, light, generally)
(NSUBJ, gray, belly)
(NSUBJ, rufous, wings)
(NUMMOD, bars, two)
(AMOD, bars, distinct)
(AMOD, bars, white)
(NSUBJ, similar, sexes)
(ADVMOD, similar, morphologically)
