(AMOD, upperparts, blue)
(AMOD, tail, long)
(AMOD, curved, long)
(AMOD, wings, pointed)
(NUMMOD, cm, 19)
(ADVMOD, cm, long)
(NMOD:INCLUDING, cm, 2)
(NUMMOD, cm, 7)
(NMOD:OF, cm, elongated feathers)
(NMOD:OF, cm, outer feathers)
(NMOD:OF, wingspan, 32)
(AMOD, upperparts, blue)
(AMOD, forehead, rufous)
(AMOD, chin, rufous)
(AMOD, throat, rufous)
(AMOD, underparts, off-white)
(AMOD, band, broad)
(AMOD, band, dark)
(AMOD, band, blue)
(NSUBJ, elongated, outer feathers)
(AMOD, tail, deeply distinctive)
(AMOD, spots, white)
(NMOD:ACROSS, spots, outer end)
(NMOD:ACROSS, spots, upper tail end)
(ADVMOD, pale, more)
(NSUBJ, shorter, tail streamers)
(NMOD:OF, blue, upperparts)
(NSUBJ, browner, juvenile)
(AMOD, streamers, long)
(NMOD:OF, streamers, adult)
(AMOD, band, blue)
(AMOD, combination, distinctive)
(NMOD:OF, combination, red face)
(AMOD, tail, short)
(AMOD, confusion, juvenile)
(AMOD, band, narrower)
(ADVMOD, white, more)
(NMOD:IN, white, tail)
(AMOD, streamers, shorter)
(NSUBJ, smaller, swallow)
(ADVMOD, smaller, slightly)
(NMOD:THAN, smaller, migratory relative)
(AMOD, breast-band, narrower)
(AMOD, breast-band, blue)

(NMOD:OF, length, tail streamers)
(AMOD, streamers, longer)
(NMOD:IN, longer, spain)
(NSUBJ, longer, streamers)
(NMOD:NPMOD, longer, only 5 %)
(NMOD:ON, wing, swallows have)
(NMOD:ON, wing, often have)
