(NMOD:OF, length, 11.5)
(NUMMOD, cm, 13)
(AMOD, dimorphism, sexual)
(NMOD:IN, dimorphism, coloration)
(NSUBJ, blue, male)
(AMOD, blue, vibrant)
(NMOD:IN, blue, summer)
(NMOD:OF, wingspan, 20)
(NUMMOD, cm, 23)
(AMOD, crown, darker)
(NSUBJ, black, wings)

(NMOD:ON, upperparts, adult female brown)
(NMOD:ON, upperparts, dark brown)
(NMOD:ON, underparts, lighter brown)
(AMOD, bars, indistinct)
(ADVMOD, streaked, faintly)
(AMOD, underneath, dark)
(NMOD:ON, tail, male have)
(AMOD, streaks, darker)
(NMOD:ON, underside, darker streaks)
(AMOD, bird, immature)

(NMOD:IN, tinged, adult female)
(NSUBJ, tinged, bill)
(AMOD, tinged, light)
(AMOD, tinged, brown)
(AMOD, half, upper)
(NSUBJ, blue, lower)
(AMOD, blue, light)
(NSUBJ, black, feet)

(NSUBJ, white, eggs)
(ADVMOD, unmarked, usually)
(NUMMOD, mm, 18.7)
(NUMMOD, mm, 13.7)
(AMOD, spots, brownish)
