(NMOD:OF, length, 3339 cm)
(NMOD:OF, wingspan, 7685 cm)
(AMOD, forehead, white)
(AMOD, nape, black)
(AMOD, crown, black)
(AMOD, cheeks, white)
(AMOD, plumaged, white)
(NSUBJ, mm, grey mantle)
(NUMMOD, mm, 305)
(NSUBJ, white, collar)
(ADVMOD, white, completely)
(NSUBJ, grey, upper wing)
(AMOD, edge, white)
(NSUBJ, whitish, deeply forked tail)
(NSUBJ, black, ear-coverts hindcrown)
(NSUBJ, bird, tern)
(AMOD, bird, medium-sized)
(NMOD:AROUND, bird, 3336 cm)
(NMOD:AROUND, bird, tail tip beak tip cm)
(NSUBJ, cm, wingspan)
(NUMMOD, cm, 7685)

(AMOD, legs, short)
(NSUBJ, red, beak)
(AMOD, red, dark)
(AMOD, nape, black)
(AMOD, crown, black)
(AMOD, cheeks, white)
(NSUBJ, white, tail)

(NSUBJ, whiter, crown)
(NSUBJ, darker, bills)
(NMOD:IN, legs, black bill)
(AMOD, tips, dark)
(AMOD, bar, dark)
(AMOD, bar, carpal)
(AMOD, streamers, short)
(NMOD:IN, adults, black bill)

(AMOD, tail, longer)
(AMOD, bill, mono-coloured)
(AMOD, wings, longer)
(NSUBJ, colour, main differences)
(NSUBJ, colour, roseate differences)
(AMOD, colour, slightly darker)
(AMOD, wingtips, darker)

