(AMOD, plumage, predominantly dark)
(NUMMOD, cm, 25)
(NUMMOD, cm, 6/1)
(AMOD, legs, short)
(AMOD, legs, dark)
(AMOD, bill, short)
(AMOD, bill, weak-looking)
(AMOD, bill, black)
(NUMMOD, mm, 28)
(NSUBJ, slender, bill)
(AMOD, slender, long)
(ADVMOD, decurved, slightly)
(AMOD, back, dark)
(AMOD, back, grey)
(AMOD, forehead, white)
(AMOD, head, black)
(AMOD, neck, white)
(AMOD, belly, white)
(AMOD, cap, black)
(AMOD, tail, light)
(AMOD, tail, brownish-grey)
(AMOD, tail, square)
(NSUBJ, white, face)
(AMOD, patch, big)
(AMOD, patch, dark)
(NMOD:IN_FRONT_OF, patch, eye)
(AMOD, collar, broadish)
(AMOD, collar, white)
(NMOD:IN, collar, juveniles)
(AMOD, extension, downwards)
(NMOD:OF, extension, upperparts plumage)
(NMOD:OF, ides, white breast)
(NMOD:ON, ides, grayish-brown smudges)

(NMOD:OF, most, black)
(NMOD:OF, plumage, upperparts)
(AMOD, feather-edgings, pale)
(NSUBJ, brownish-gray, rump)
