(NMOD:OF, length, 48)
(NUMMOD, cm, 56)
(NMOD:OF, wingspan, 127)
(NUMMOD, cm, 140)
(AMOD, legs, black)
(AMOD, bill, long thick)
(AMOD, bill, red-orange)
(AMOD, tip, small)
(AMOD, tip, black)
(AMOD, head, white)
(AMOD, cap, black)
(AMOD, neck, white)
(AMOD, belly, white)
(AMOD, tail, white)
(AMOD, back, upper)
(NSUBJ, pale, underwings)
(NSUBJ, grey, upper wings)
(AMOD, grey, pale)
(AMOD, feathers, dark)
(AMOD, feathers, primary)
(NMOD:NPMOD, black, wing tips)
(NMOD:ON, underside, wing tips black)
(NMOD:IN, less, flight)
(NSUBJ, less, tail)
(AMOD, streaking, white)
(NMOD:ON, forehead, white streaking)
(NMOD:IN, present, winter)
(NSUBJ, present, black cap)
(ADVMOD, present, still)
(NSUBJ, croak, call)
(AMOD, croak, loud)
(AMOD, croak, heron-like)
