(NUMMOD, cm, 39)
(AMOD, upperparts, light)
(AMOD, upperparts, gray)
(AMOD, upperparts, very light underparts white)
(AMOD, upperparts, gray underparts white)
(AMOD, cap, black)
(AMOD, legs, orange-red)
(AMOD, bill, thin)
(AMOD, bill, sharp)
(AMOD, bill, orange-red)
(AMOD, wedge, dark)
(AMOD, wedge, primary)
(NMOD:IN, grey, which)
(NSUBJ, grey, surface)
(ADVMOD, grey, uniformly)
(AMOD, tail, long)
(AMOD, wingtips, folded)
(NSUBJ, pale, tern)
(ADVMOD, pale, as)
(NMOD:AS, pale, tern)
(AMOD, wings, longer)
(NMOD:IN, white, winter)
(NSUBJ, white, forehead)
(NSUBJ, black, bill)
(AMOD, base, red)
(NSUBJ, red, legs)
(AMOD, red, dark)
(AMOD, appearance, scaly)
(NMOD:OF, appearance, juvenile terns)
(NSUBJ, mm, eggs)
(ADVMOD, mm, normally)
(NUMMOD, mm, 42)
(AMOD, mm, ×)
(NUMMOD, mm, 30.5)



