
(AMOD, bill, long)
(AMOD, bill, slender)
(AMOD, bill, orange)
(AMOD, upperparts, pale)
(AMOD, upperparts, grey)
(AMOD, underparts, white)
(NSUBJ, black, legs)

(AMOD, back, scalier pale)
(AMOD, back, grey)

(ADVMOD, white, more)
(NMOD:IN, forehead, winter)
(NMOD:ON, forehead, elegans shows)
(NSUBJ, larger, elegans)
(NSUBJ, paler, it)
(ADVMOD, paler, marginally)
(NMOD:THAN, paler, lesser tern)
(NMOD:THAN, paler, crested tern)
(AMOD, rump, white)
(AMOD, bill, slightly longer)
(AMOD, bill, more slender)
(NMOD:OF, curve, bill)
(NMOD:OF, black, crest)
(AMOD, smudge, small)
(AMOD, smudge, black)
(NMOD:IN_FRONT_OF, smudge, eye)
(AMOD, crest, black)
(NSUBJ, shaggy, crest)
(ADVMOD, shaggy, more)
(NMOD:IN, shaggy, lesser tern)
(NMOD:IN, shaggy, crested tern)
