(AMOD, streaks, thin)
(AMOD, streaks, dark)
(AMOD, underparts, buffy)
(NMOD:ON, underparts, thin streaks)
(NMOD:ON, underparts, dark streaks)
(NSUBJ, reddish-brown, thrasher)
(AMOD, reddish-brown, bright)
(AMOD, tail, long rufous)
(NSUBJ, gold, eyes)
(AMOD, gold, brilliant)
(NMOD:OF, wingspan, 13in)
(AMOD, mass, average)
(NMOD:OF, mass, oz)
(AMOD, upperparts, rufous)
(AMOD, underparts, brown)
(NSUBJ, yellow, eyes)
(AMOD, mandible, lower)
(AMOD, base, pale)
(AMOD, white, black)
(AMOD, bars, black)
(NSUBJ, long, tail)
(NSUBJ, brown, legs)
(AMOD, bill, heavy)
(AMOD, bill, slightly downcurved)
(AMOD, eyes, staring)
(AMOD, eyes, yellow)

(AMOD, proportions, long)
(NSUBJ, long, legs)
(NSUBJ, downcurved, bill)
(ADVMOD, downcurved, long)
(NSUBJPASS, long, tail)
(AMOD, streaking, heavy)
(AMOD, streaking, dark)
(AMOD, underparts, whitish)
(NMOD:ON, underparts, heavy streaking)
(NMOD:ON, underparts, dark streaking)

