(NMOD:ON, upperparts, montanus grey-brown)
(NMOD:ON, upperparts, pale grey-brown)
(NSUBJ, white, montanus)
(AMOD, white, pale)
(NMOD:ON, underparts, montanus white)
(NMOD:ON, underparts, pale white)
(AMOD, streaks, dark)
(AMOD, bill, slim)
(AMOD, bill, straight)
(AMOD, bill, relatively short)
(AMOD, eyes, yellow)
(AMOD, tail, long)
(AMOD, upperparts, gray)
(AMOD, underparts, white)
(AMOD, wash, pale)
(AMOD, wash, brown)
(NSUBJ, gray, head)
(ADVMOD, decurved, slightly)
(NSUBJ, short, bill)
(NSUBJ, dark, wings)
(AMOD, bars, thin)
(AMOD, bars, white)
(NSUBJ, dark, tail)
(AMOD, corners, white)
(NSUBJ, black, legs)
