(NSUBJ, cm, vireo)
(AMOD, cm, songbird)
(NMOD:IN, cm, length)
(NSUBJ, white, sexually mature males)
(ADVMOD, white, olive)
(NMOD:NPMOD, white, green)
(AMOD, flanks, faint)
(AMOD, flanks, yellow)
(NSUBJ, above, sexually mature males)
(ADVMOD, above, olive)
(NMOD:NPMOD, above, green)
(NSUBJ, black, head half)
(AMOD, lores, partial)
(AMOD, lores, white)
(AMOD, eye-ring, partial)
(AMOD, eye-ring, white)
(NSUBJ, black, bill)
(NSUBJ, brownish-red, iris)
(NSUBJ, duller, females)
(NMOD:IN, duller, color)
(NMOD:THAN, duller, males)
(AMOD, crown, gray)
(AMOD, underparts, gray)
(AMOD, yellow, greenish)

