(AMOD, head, blue-grey)
(AMOD, bars, bold)
(AMOD, bars, yellow)


(NUMMOD, bars, two)
(AMOD, bars, bold)
(AMOD, bars, yellow)
(ADVMOD, bars, edge down)
(NMOD:OF, bars, wing)
(AMOD, crown, deep)
(AMOD, crown, blue-grey)
(AMOD, body, olive)
(AMOD, body, green)
(AMOD, body, upper)
(AMOD, vireos, immature)
(AMOD, vireos, blue-headed)
(AMOD, bill, thinner)
(AMOD, crown, brownish-grey)
(AMOD, patches, lighter)
(AMOD, patches, yellow)
(NMOD:TO, little, sexual dimorphism)
(NMOD:TO, little, males dimorphism)
(NMOD:OF, length, 126-148 millimetres)

(AMOD, back, darker)
(AMOD, length, larger)
(NMOD:OF, length, 76-83 millimetres)
(NMOD:OF, length, .5 millimetres)
(NMOD:OF, length, 11-12 millimetres)
(NMOD:OF, length, 69.2-77 millimetres)
(NMOD:OF, length, .8 millimetres)
(NMOD:OF, length, 8.9-11 millimetres)
(ADVMOD, smaller, conversely)
(NSUBJ, smaller, solitarius)
(ADVMOD, smaller, slightly)
(AMOD, dimorphism, sexual)
(NMOD:BETWEEN, dimorphism, group sexes)
(NSUBJ, white, eggs)
(ADVMOD, white, creamy)
