
(AMOD, back, bronze-green)
(AMOD, eyering, bright)
(AMOD, eyering, red)
(AMOD, rump, bronze-green)
(AMOD, underparts, bronze-green)
(NSUBJ, blue, head)
(NSUBJ, dark, wings)
(AMOD, upperparts, green)
(AMOD, underparts, yellow-green)
(AMOD, wings, dark)
(AMOD, head, blue)
(AMOD, underparts, red)
(AMOD, eyering, pale)
(NSUBJ, green, females)
(AMOD, green, distinctive)
(AMOD, green, bright)
(AMOD, bills, stubby)
(AMOD, bills, thick)
(AMOD, bills, seed-eating)
(AMOD, underparts, red)
(AMOD, backs, green)
(AMOD, eyering, pale)
(NSUBJ, yellow-green, females)
(AMOD, yellow-green, uniform)
(AMOD, yellow-green, bright)
(ADVMOD, yellow-green, overall)
(NSUBJ, greener, overall color)
(NMOD:THAN, brighter, similar songbirds)
(NSUBJ, unpatterned, they)
(ADVMOD, unpatterned, basically)
