(AMOD, upperparts, pale cerulean)
(AMOD, upperparts, blue)
(AMOD, underparts, white)
(AMOD, necklace, black)
(NMOD:ACROSS, necklace, breast)
(AMOD, streaks, black)
(NMOD:ON, back, they have)
(NMOD:ON, back, also have)
(AMOD, upperparts, greenish)
(AMOD, stripe, pale)
(NMOD:OVER, stripe, eye)
(NMOD:ON, back, streaking)
(NMOD:ON, necklace, streaking)
(AMOD, birds, immature)
(AMOD, bars, thin)
(AMOD, bars, pointed)
(AMOD, bill, thin)
(AMOD, bill, pointed)
(AMOD, upperparts, faintly)
(AMOD, upperparts, streaked)
(AMOD, flanks, black-streaked)
(AMOD, flanks, white)
(AMOD, band, black)
(AMOD, throat, white)
(AMOD, belly, white)
(NUMMOD, bars, two)
(AMOD, bars, bold)
(AMOD, bars, white)
(AMOD, upperparts, blue-gray)
(AMOD, wash, yellow)
(NMOD:ON, face, female unstreaked)
(NMOD:ON, breast, female unstreaked)
(AMOD, streaks, pale)
(NMOD:ON, flanks, pale streaks)
(AMOD, eyebrows, yellow)
(NSUBJ, paler, immature bird)
(ADVMOD, paler, all)
(ADVMOD, olive, more)
(AMOD, wingbars, broad)
(AMOD, wingbars, white)
(NMOD:OF, stripes, same color)
(NMOD:OF, sides, white chest)


(NMOD:OF, sides, breast)
(AMOD, band, dark)
(NMOD:ACROSS, band, throat)
(AMOD, eyestripe, blue)
(AMOD, streaks, black)



(NMOD:OF, sides, breast)
(AMOD, wingbars, white)


(AMOD, back, gray-green olive)
(AMOD, gray, bluish)


(AMOD, ear, dark)
(AMOD, wingbars, white)
