(AMOD, throat, black)
(AMOD, patch, black)
(AMOD, crown, yellow)
(AMOD, patch, yellow)
(AMOD, grey, light)
(NMOD:ON, tail, extensive white)
(NMOD:IN, conspicuous, sexes)
(NSUBJ, white, underparts)
(ADVMOD, white, grayish)
(NSUBJ, slender, bill)
(NSUBJ, long, bill)

(NSUBJ, whitish, commoner)
(AMOD, whitish, gray)
(ADVMOD, whitish, below)
(NSUBJ, above, commoner)
(AMOD, above, gray)
(ADVMOD, above, below)
(AMOD, eyestripe, black)
(NUMMOD, wingbars, two)
(AMOD, wingbars, white)
(AMOD, bars, white)
(AMOD, above, yellow)
(NSUBJ, whitish, female)
(AMOD, whitish, gray)
(NMOD:AS, whitish, female golden-winged)
(NUMMOD, bars, two)
(AMOD, bars, yellow)
(NSUBJ, above, female)
(AMOD, above, gray)
(NMOD:AS, above, female golden-winged)
