(AMOD, back, plain olive/green-brown)
(AMOD, underparts, yellow)
(AMOD, rectrices, outer)
(AMOD, vanes, whitish)
(AMOD, cap, olive-green)
(AMOD, hoods, black)
(AMOD, faces, yellow)
(AMOD, upperparts, olive-green)
(AMOD, underparts, bright)
(AMOD, underparts, yellow)
(AMOD, face, yellow)
(AMOD, hood, black)
(NSUBJ, dark, eyes)
(NSUBJ, large, eyes)
(AMOD, spots, large)
(AMOD, spots, white)
(NSUBJ, black, bill)
(NSUBJ, pink, legs)
(ADVMOD, yellow, entirely)


(AMOD, bib, black)
(AMOD, hood, black)
(AMOD, spots, large)
(AMOD, spots, white)
(NMOD:IN, spots, tail)
(ADVMOD, black, less)
