(NMOD:ON, underparts, birds streaking)
(NMOD:ON, underparts, bars lack streaking)
(AMOD, colouring, bright)
(NMOD:ON, crown, orange patch)
(ADVMOD, visible, usually)
(AMOD, upperparts, olive-grey)
(AMOD, underparts, yellowish)
(AMOD, streaking, faint)
(AMOD, bill, thin)
(AMOD, bill, pointed)
(AMOD, ring, faint)
(AMOD, ring, broken)
(AMOD, line, faint)
(NMOD:OVER, line, faint eyes)
(NMOD:OVER, line, broken eyes)
(NSUBJ, duller, females)
(NMOD:IN, duller, colour)
(NMOD:THAN, duller, males)
(NSUBJ, yellower, western birds)
(NMOD:THAN, yellower, eastern birds)
