(NUMMOD, cm, 30)
(NMOD:IN, cm, length)
(AMOD, markings, faint)
(AMOD, markings, black)
(NMOD:ON, face, faint markings)
(NMOD:ON, face, black markings)
(AMOD, streaks, white)
(NMOD:ON, neck, white streaks)
(NSUBJ, green, coloring)
(ADVMOD, green, emerald)
(NSUBJ, identical, male)
(ADVMOD, identical, almost)
(AMOD, spot, black)
(NSUBJ, lack, noticeable difference)
(NSUBJ, lack, two species difference)
(NSUBJ, lack, australian species difference)
(NMOD:OF, lack, black ear-coverts)
(NMOD:IN, lack, dorsal)
(NUMMOD, cm, 30)

(AMOD, head, large)
(AMOD, head, dusky)
(AMOD, head, colored)
(AMOD, cap, blackish)
(AMOD, ear-patch, black)
(ADVMOD, upperparts, mostly)
(AMOD, upperparts, bright-green)
(AMOD, streaking, white)
(AMOD, bars, slim)
(AMOD, bars, white)
(AMOD, tail, white-tipped)
(AMOD, tail, green)
(NSUBJ, red, eye)
(NSUBJ, dark, legs)

(NUMMOD, colors, two)
(NMOD:OF, colors, various proportions)


