(NSUBJ, white, it)
(NMOD, white, black below)
(AMOD, streaks, black)
(AMOD, flanks, black)
(NSUBJ, undertail, it)
(NMOD, undertail, black below)
(NUMMOD, brown, plain)
(AMOD, back, plain)
(AMOD, back, brown)
(AMOD, underparts, white)
(NSUBJ, buff, flanks)
(AMOD, supercilium, strong)
(AMOD, supercilium, white)
(AMOD, supercilium, flared)
(NSUBJ, pink, legs)
(AMOD, pink, bright)

(AMOD, flanks, white)
(AMOD, undertail, white)
(AMOD, throat, striped)
(AMOD, bill, slightly smaller)
(AMOD, supercilium, shorter)
(AMOD, legs, duller)
(AMOD, legs, pink)
(NUMMOD, cm, 17)
(NMOD:IN, cm, length)
(NMOD:ACROSS, cm, wings)
(NSUBJ, cm, chord)
(NUMMOD, cm, 8.5)
(AMOD, cm, tail)
(NUMMOD, cm, 5.4)
(NSUBJ, cm, bill)
(NUMMOD, cm, 1.5)
(NSUBJ, cm, tarsus)
(NUMMOD, cm, 2.3)
(AMOD, measurements, standard)
