(NSUBJ, misleading, common name)
(ADVMOD, misleading, somewhat)
(NSUBJ, head, most prominent part)
(NSUBJ, head, red part)
(NSUBJ, head, plumage part)
(NSUBJ, gray, adults)
(ADVMOD, gray, mainly)
(AMOD, gray, light)
(NMOD:ON, face, adults gray)
(NMOD:ON, face, mainly gray)
(NMOD:ON, face, light gray)
(NMOD:ON, underparts, adults gray)
(NMOD:ON, underparts, mainly gray)
(NMOD:ON, underparts, light gray)
(NMOD:ON, back, black patterns)
(NMOD:ON, wings, black patterns)
(NMOD:ON, tail, black patterns)
(AMOD, patch, red)
(NMOD:ON, nape, red patch)
(NMOD:ON, belly, reddish tinge)
(NMOD:OF, wingspan, 18 inches)

