(AMOD, upperparts, grey-brown)
(AMOD, black, small)
(AMOD, underparts, grey)
(AMOD, rump, light)
(AMOD, rump, brown)
(NUMMOD, adults, 12)
(AMOD, adults, cm)
(AMOD, adults, long)
(AMOD, spots, white)
(AMOD, bill, long)
(AMOD, bill, slightly decurved)
(AMOD, bill, thin)
(AMOD, tail, long)
(AMOD, tail, barred)
(AMOD, legs, dark)
(AMOD, line, light)
(AMOD, line, grey)
(NMOD:OVER, line, long eye)
(NMOD:OVER, line, slightly decurved eye)
(NMOD:OVER, line, thin eye)
(AMOD, upperparts, white-speckled)
(AMOD, upperparts, gray)
(AMOD, rump, brown)
(AMOD, brow, white-over-black)
(AMOD, throat, white)
(AMOD, breast, white-speckled)
(AMOD, breast, gray)
(AMOD, streaks, fine gray)
(AMOD, flanks, buff-yellow)
(AMOD, belly, buff-yellow)
(AMOD, tip, pale)
(NSUBJ, white, undertail coverts)
(AMOD, bars, black)
(NSUBJ, buff-and-black, long tail)



(AMOD, bill, thin)
(NMOD:ON, underparts, description juvenile)
