(AMOD, sides, white)
(AMOD, belly, white)
(AMOD, tail, long)
(AMOD, tail, dark)
(AMOD, edges, white)
(NMOD:FOR, white, southeast birds)
(NSUBJ, red, eyes)
(AMOD, head, dark)
(AMOD, tail, dark)
(AMOD, body, upper)
(AMOD, upperparts, black)
(AMOD, breast, black)
(AMOD, flanks, rufous)
(AMOD, underparts, white)
(NSUBJ, black, wings)
(AMOD, markings, white)
(NSUBJ, black, tail)
(NSUBJ, long, tail)
(AMOD, corners, white)
(AMOD, beats, several)
(AMOD, beats, rapid)
(AMOD, bill, thick)
(AMOD, bill, triangular)
(AMOD, bill, seed-cracking)
(NMOD:AS, bill, tip-off)
(AMOD, tail, long rounded)
(ADVMOD, black, sooty)
(NMOD:ON, breast, bold)
(AMOD, sides, warm)
(NMOD:ON, belly, white)
(ADVMOD, black, where)
(NSUBJ, black, males)
