(NMOD:ON, back, becoming)
(NMOD:ON, sides, becoming)
(NSUBJ, blue, that)
(AMOD, blue, deep greenish)
(NMOD:IN, blue, colour)
(AMOD, crest, double)
(NMOD:ON, flanks, white plumes)
(NMOD:ON, neck, white plumes)
(NMOD:ON, rump, white plumes)
(ADVMOD, orange, around)
(NSUBJ, orange, eyes)
(AMOD, orange, bright)
(AMOD, skin, bare)
(AMOD, skin, facial)
(NMOD:OF, skin, lores)
(AMOD, skin, red)
(AMOD, skin, facial)
(NSUBJ, black, legs)
(ADVMOD, black, brownish)
(NUMMOD, cm, 29)
(NMOD:IN, cm, extent)
(AMOD, wings, average)
(AMOD, wings, about 5 cm shorter)

