(NMOD:OF, wingspan, about 3.3 ft)
(AMOD, iridescence, metallic)
(NUMMOD, crests, two)
(AMOD, crests, short)
(AMOD, thighs, white)
(NMOD:ON, head, scattered filoplumes)
(NMOD:ON, head, white filoplumes)
(NMOD:ON, neck, scattered filoplumes)
(NMOD:ON, neck, white filoplumes)
(NSUBJ, black, long bill)
(NSUBJ, black, thin bill)
(NMOD:THROUGHOUT, black, year)
(NMOD:OF, patch, dark skin)
(NMOD:OF, patch, naked skin)
(NMOD:OF, patch, eye skin)

(NMOD:TMOD, dark, brown)
(NMOD:ON, underside, slightly lighter brown)
(AMOD, birds, immature)

(NMOD:IN, eye, pelagicus)
(AMOD, crests, larger)
(AMOD, skin, naked)
(AMOD, skin, facial)
(NMOD:ABOVE, urile, bill)
(NMOD:BEHIND, urile, p. eye)
(AMOD, mask, large)
(AMOD, mask, naked)
(AMOD, bill, light)
(NMOD:OF, bill, urile)
(AMOD, bill, thicker)
(AMOD, thighs, white)
(NMOD:IN, thighs, plumage)
(AMOD, call, identical)
(NMOD:ON, head, plumage grow)
(AMOD, feet, black)
(AMOD, filoplumes, white)
(AMOD, patches, white)
(NMOD:LIKE, patches, present species)
