
(AMOD, blotches, dark)
(NSUBJ, types, eggs)
(NUMMOD, types, two)
(AMOD, types, whitish)
(AMOD, blue, pale)
(AMOD, spots, dark)
(ADVMOD, black, all)
(AMOD, gloss, iridescent)
(AMOD, gloss, purple-blue)
(NSUBJ, long, smaller female)
(NMOD:NPMOD, long, 19 cm)
(NSUBJ, paler, plumage)
(AMOD, paler, dark)
(AMOD, paler, brown)
(NMOD:ON, underparts, plumage paler)
(NMOD:ON, underparts, dark paler)
(NMOD:ON, underparts, brown paler)
(NSUBJ, paler, northern cabanisii)
(NSUBJ, paler, subspecies cabanisii)
(NSUBJ, paler, panama cabanisii)
(NSUBJ, streaked, juveniles)
(AMOD, streaked, female)
(ADVMOD, streaked, below)
