(AMOD, tail, longer)
(AMOD, wing, shorter)
(NSUBJ, darker, males plumage)
(NSUBJ, greenish, females coloration)
(ADVMOD, greenish, more)
(NMOD:OF, bill, californicus)
(AMOD, tail, short)
(AMOD, tail, forked)
(AMOD, tail, brown)
(AMOD, wings, brown)
(NUMMOD, cm, about 15)
(NMOD:IN, cm, length)
(NMOD:ON, head, adult males red)
(NMOD:ON, head, raspberry red)
(NMOD:ON, breast, adult males red)
(NMOD:ON, breast, raspberry red)
(NMOD:ON, back, adult males red)
(NMOD:ON, back, raspberry red)
(NMOD:ON, rump, adult males red)
(NMOD:ON, rump, raspberry red)
(NSUBJ, streaked, back)
(AMOD, upperparts, light)
(AMOD, upperparts, brown)
(AMOD, underparts, white)
(AMOD, streaks, dark)
(AMOD, streaks, brown)
(AMOD, streaks, throughout)
(NMOD:ABOVE, face, eye)
(NMOD:ON, face, white line)
