(NSUBJ, white, which)
(ADVMOD, white, almost)
(ADVMOD, white, entirely)
(AMOD, one, light)
(AMOD, one, dark)
(NSUBJ, grey, which)
(ADVMOD, grey, uniformly)
(AMOD, passages, nasal)
(AMOD, bill, upper)
(ADVMOD, sides, however)
(NSUBJ, sides, nostrils)
(NMOD:OF, sides, bill)
(AMOD, sides, as opposed)
(AMOD, sides, order rest opposed)
(NMOD:INCLUDING, sides, fulmars)
(AMOD, bill, upper)

(AMOD, bill, pale yellow)
(AMOD, legs, bluish)
(AMOD, morph, light)
(AMOD, morph, dark)
(NMOD:ON, underneath, more dark edges)
(AMOD, primaries, pale)
(AMOD, primaries, inner)
(AMOD, similarities, certain)
(NMOD:SUCH_AS, similarities, only morph)
(NMOD:SUCH_AS, similarities, dark morph)
(NMOD:OF, top, wings)
(NMOD:ON, top, they have)
(NMOD:ON, top, all have)
(AMOD, tail, darker)
(NMOD:THAN, tail, morph)
(AMOD, bills, short)
(AMOD, bills, stubby)
