(NSUBJ, 46, gadwall)
(AMOD, 46, wingspan)
(NUMMOD, cm, 56)
(ADVMOD, 78, long)
(ADVMOD, larger, slightly)
(AMOD, wings, light)
(AMOD, speculum, brilliant)
(AMOD, speculum, white)
(AMOD, end, black)
(AMOD, end, rear)
(ADVMOD, greyer, usually)
(NMOD, greyer, above)
(AMOD, orange, less)
(NMOD:ON, bill, less orange)
(NSUBJ, brown, female)
(AMOD, brown, light)
(ADVMOD, brown, female mallard much)
(AMOD, speculum, white)
(AMOD, belly, white)
(NSUBJ, distinguished, it)
(NMOD:FROM, distinguished, species)
(NMOD:BY, distinguished, dark bill)
(NMOD:BY, distinguished, orange-edged bill)
(NSUBJ, similar, call)
(NMOD:TO, similar, mallard female quack)

(AMOD, quack, mallard-like)
