(AMOD, dimorphism, sexual)
(NMOD:IN, dimorphism, coloration)
(NSUBJ, yellow, male)
(AMOD, yellow, vibrant)
(NMOD:IN, yellow, summer)
(ADVMOD, slightly, only)
(AMOD, color, olive)
(NMOD:DURING, color, months)
(NSUBJ, shade, female)
(AMOD, shade, dull)
(AMOD, shade, yellow-brown)

(NMOD:FOR, pink, year most)
(AMOD, orange, bright)
(NMOD:IN, black, male)
(NSUBJ, brown, which)
(AMOD, brown, dark)
(NMOD:IN, brown, male female)
(NMOD:ON, wings, bars)
(NMOD:AT, white, short tail edges)
(NMOD:AT, white, notched tail edges)
(NSUBJ, pronounced, sexual dimorphism)
(ADVMOD, pronounced, especially)
(NMOD:AFTER, pronounced, molt)
(AMOD, color, bright)
(NMOD:OF, color, plumage)
(NSUBJ, yellow, male body)
(AMOD, yellow, brilliant)
(AMOD, yellow, lemon)
(AMOD, cap, striking)
(AMOD, cap, black)
(AMOD, rump, white)
(AMOD, pigments, carotenoid)
(NMOD:ON, underside, female brown)
(NMOD:ON, underside, mostly brown)
(AMOD, bib, yellow)
(AMOD, face, pale)
(AMOD, face, yellow)
(AMOD, bib, pale)
(AMOD, bib, yellow)
(AMOD, feathers, bright)
(AMOD, plumage, duller)
(NSUBJ, identical, plumage)
(ADVMOD, identical, almost)
(NMOD:IN, identical, sexes)
(AMOD, patches, yellow)
(AMOD, tinge, olive)
(AMOD, tinge, evident)
(NMOD:OF, traces, yellow)
(AMOD, back, dull)
(AMOD, back, brown)
(NSUBJ, yellow, underside)
(AMOD, yellow, pale)
(AMOD, goldfinch, immature)
(NSUBJ, black, shoulders)
(AMOD, markings, buff-colored)
(NMOD:ON, wings, buff-colored markings)
(NMOD:ON, rump, buff-colored markings)

