(NUMMOD, cm, 13)
(ADVMOD, wingspan, long)
(NMOD:OF, wingspan, 21)
(NUMMOD, cm, 25)
(AMOD, face, red)
(AMOD, head, black)
(AMOD, upperparts, warm)
(AMOD, upperparts, brown)
(AMOD, underparts, white)
(AMOD, wings, black)
(NSUBJ, similar, sexes)
(ADVMOD, similar, broadly)
(NSUBJ, distinguished, male goldfinches)
(ADVMOD, distinguished, often)
(NMOD:BY, distinguished, larger mask)
(NMOD:BY, distinguished, darker mask)
(NMOD:BY, distinguished, red mask)
(AMOD, face, red)
(NSUBJ, pointed, ivory-coloured bill)
(NSUBJ, long, ivory-coloured bill)
(AMOD, bill, white)
(NMOD:AT, mark, year rest tip)
(AMOD, head, plain)
(AMOD, back, plain)
(AMOD, due, unmistakable)
(NMOD:TO, due, yellow stripe)
(AMOD, head, plain grey)
(NMOD:BEHIND, head, red face)
(AMOD, pattern, black)
(NMOD:OF, pattern, european birds)
(NMOD:OF, pattern, asian birds)
(NSUBJ, twittering, song)
(AMOD, twittering, pleasant)
(AMOD, twittering, silvery)
