
(NSUBJ, dark, feet)
(NMOD:AT, horn-colored, sexes)
(NSUBJ, horn-colored, beak)
(ADVMOD, horn-colored, dusky)
(AMOD, head, black)
(AMOD, wings, black)
(AMOD, back, black)
(AMOD, tail, black)
(AMOD, patch, bright)
(AMOD, patch, rose-red)
(NMOD:ON, breast, bright patch)
(NMOD:ON, breast, rose-red patch)
(AMOD, linings, rose-red)
(NUMMOD, patches, two)
(AMOD, patches, white)
(NSUBJ, white, underside)
(AMOD, underparts, largely white)
(AMOD, supercilium, largely white)
(AMOD, cheeks, largely white)
(AMOD, feathers, upperside)
(AMOD, ones, white)
(AMOD, appearance, scaly)
(NSUBJ, white, primary remiges bases)
(ADVMOD, white, also)
(AMOD, upperparts, dark)
(AMOD, upperparts, grey-brown)
(NMOD:ON, wings, darker)
(NMOD:ON, tail, darker)
(AMOD, supercilium, white)
(NMOD:ALONG, stripe, head top)
(AMOD, underparts, black-streaked)
(AMOD, underparts, white)
(NMOD:OF, center, belly)
(NSUBJ, yellowish, linings)
(NMOD:ON, upperwing, two patches are)
(NMOD:ON, upperwing, white patches are)
(NMOD:ON, upperwing, male patches are)
(AMOD, streaks, less)
(AMOD, streaks, prominent)
(ADVMOD, hue, usually)
(AMOD, hue, pinkish-buff)
(NMOD:ON, throat, usually hue)
(NMOD:ON, throat, pinkish-buff hue)
(NMOD:ON, breast, usually hue)
(NMOD:ON, breast, pinkish-buff hue)
(NSUBJ, similar, immatures)
(AMOD, wing-linings, pink)
(NMOD:AT, above, one year)
(NMOD:AT, above, age year)
(NSUBJ, above, males)
(ADVMOD, above, scaly)
(NMOD:LIKE, above, fully males)
(NMOD:LIKE, above, adult males)
(NMOD:LIKE, above, plumage males)

(NSUBJ, pink, call)
(AMOD, pink, sharp)
