
(AMOD, wings, blackish-gray)
(AMOD, tail, medium)
(AMOD, tail, gray)
(AMOD, bill, red)
(AMOD, tip, black)
(AMOD, body, medium)
(AMOD, body, gray)
(AMOD, edges, white)
(NSUBJ, gray, head)
(ADVMOD, gray, dusky)
(NMOD:IN, gray, non-breeding plumage)
(NSUBJ, white, head)
(ADVMOD, white, dusky)
(NMOD:IN, white, non-breeding plumage)
(NSUBJ, flesh-colored, bill)
(NMOD:TILL, flesh-colored, second winter)
(AMOD, coverts, white)
(AMOD, coverts, primary)
(AMOD, spot, showy)
(AMOD, wing, upper)
(NMOD:ON, wing, showy spot)
(ADVMOD, different, noticeably)
