(NSUBJ, white, adults)
(AMOD, back, gray)
(AMOD, wings, gray)
(AMOD, wingtips, black)
(AMOD, legs, pink)
(AMOD, spots, white)
(NMOD:THAN, darker, gulls)
(AMOD, tail, dark)
(AMOD, birds, immature)
(AMOD, bill, long powerful)
(AMOD, chest, full)
(AMOD, forehead, long powerful)
(NSUBJ, long, males)
(NMOD:NPMOD, long, 6066 cm)
(NSUBJ, long, females)
(NMOD:NPMOD, long, 5662 cm)
(NSUBJ, cm, wingspan)
(NUMMOD, cm, 120150)
(AMOD, head, white)
(AMOD, rump, white)
(AMOD, tail, white)
(AMOD, underparts, white)
(AMOD, back, pale)
(AMOD, back, gray)
(NSUBJ, black, wingtips)
(NSUBJ, white, rear edge)
(NSUBJ, white, wing edge)
(AMOD, spots, white)
(NSUBJ, grayish, underwing)
(NMOD:TO, grayish, outer feathers)
(NMOD:TO, grayish, primary feathers)
(AMOD, tips, dark)
(NSUBJ, pink, legs)
(ADVMOD, pink, normally)
(AMOD, tinge, bluish)
(ADVMOD, yellow, occasionally)
(NSUBJ, yellow, bill)
(AMOD, spot, red)
(AMOD, mandible, lower)
(NMOD:ON, mandible, red spot)
(NSUBJ, bright, eye)
(NMOD:NPMOD, yellow, medium)
(AMOD, ring, bare)
(AMOD, ring, yellow)
(NMOD:AROUND, ring, it)

(AMOD, tail, dark)
(AMOD, rump, brown)
(AMOD, bars, dark)
(AMOD, primaries, dark)
(AMOD, primaries, outer)
(AMOD, primaries, pale)
(AMOD, primaries, inner)
(AMOD, eyes, dark)
(AMOD, bill, dark)
(NSUBJ, paler, head)
(ADVMOD, paler, often)
(NMOD:THAN, paler, body)
(AMOD, eye, pale)
(AMOD, tip, black)
(NMOD:ON, back, show)
(AMOD, feathers, gray)
(NMOD:ON, bill, still have)
(AMOD, band, black)
(NMOD:ON, tail, black band)
(AMOD, upperparts, more)
(AMOD, underparts, more)
(AMOD, rump, more)
(NMOD:TO, base, tail)
(AMOD, markings, brown)
(AMOD, background, pale)
(AMOD, background, blue)
(NMOD:ON, background, brown markings)
(NSUBJ, long, they)
(NMOD:NPMOD, long, 72 mm)
