(NUMMOD, cm, around 60)
(AMOD, head, white)
(AMOD, wings, gray)
(AMOD, bill, yellow)
(AMOD, spot, red)
(AMOD, spot, subterminal)
(AMOD, flatter, larger)
(AMOD, head, larger)
(AMOD, bill, thicker)
(AMOD, part, lower)
(NMOD:OF, part, bill)
(NMOD:ON, part, hybrids have)

(AMOD, upperparts, gray)
(AMOD, head, white)
(AMOD, neck, white)
(AMOD, tail, white)
(AMOD, underparts, white)
(AMOD, eyes, yellow)
(AMOD, bill, bright)
(AMOD, bill, yellow)
(AMOD, spot, red)
(NMOD:NEAR, spot, tip)
(AMOD, legs, pale)
(AMOD, legs, pink)

(AMOD, beats, strong)
(AMOD, beats, steady)
(NMOD:ON, thermals, soars)



(AMOD, slate, dark)

(AMOD, head, dark)
(AMOD, head, clove-brown)
(AMOD, back, dark)
(AMOD, wings, dark)
(AMOD, edgings, light)
(NMOD:TO, edgings, feathers)
(AMOD, brown, dark)
(NMOD:ON, wing, feathers)
(AMOD, gray, above)
(ADVMOD, gray, glossy)

(AMOD, overtones, pink)
(NUMMOD, eyes, dark)
(NUMMOD, eyes, brown)
(AMOD, throat, lighter)
(AMOD, breast, lighter)
(NMOD:BUT, juvenal, lighter head)
(NUMMOD, eyes, dark)
(NUMMOD, eyes, brown)
(ADVMOD, head, especially)
(ADVMOD, whiter, especially)
(AMOD, feathers, dark)
(AMOD, feathers, gray)
(AMOD, feathers, worn)
(NUMMOD, eyes, dark)
(NUMMOD, eyes, brown)

(AMOD, gray, brown)
(ADVMOD, white, underparts)
(NSUBJ, black, tips)


(AMOD, head, largely white)
(AMOD, neck, largely white)
(ADVMOD, dark, entirely)
(NSUBJ, gray, back)
(ADVMOD, white, mostly)
(ADVMOD, black, then)
(AMOD, tip, white)

(AMOD, neck, otherwise white)
(NMOD:ON, neck, dirty brown)
(AMOD, head, otherwise white)
(NMOD:ON, head, dirty brown)


(ADVMOD, white, largely)
(AMOD, smudging, dark)
(AMOD, tips, white)
(AMOD, feathers, outer)
(AMOD, feathers, black)
(AMOD, spots, white)
(AMOD, spots, subterminal)
(AMOD, tips, broad)
(AMOD, tips, white)

(ADVMOD, head, neck)
(AMOD, head, pure)
(AMOD, head, white)
(ADVMOD, streaking, neck)
(AMOD, streaking, pure)
(AMOD, streaking, white)
(ADVMOD, gray, all)

(AMOD, smudging, dark)
