(NUMMOD, cm, 67)
(NMOD:IN, cm, length)
(NUMMOD, cm, 138)
(NMOD:IN, cm, wingspan)
(NSUBJ, cm, which)
(NUMMOD, cm, about 10)
(NMOD:IN, cm, length)
(AMOD, limit, upper)
(NMOD:OF, limit, length)
(AMOD, streamer, elongated)
(NMOD:OF, streamer, adults)
(NSUBJ, bulkier, they)
(ADVMOD, bulkier, much)
(NMOD:THAN, bulkier, skua)

(ADVMOD, underparts, mainly)
(NUMMOD, underparts, white)
(ADVMOD, dark, mainly)
(NUMMOD, dark, white)
(AMOD, flash, white)
(AMOD, feathers, brown)
(ADVMOD, feathers, mainly back)
(ADVMOD, feathers, white back)
(AMOD, feathers, primary)
(AMOD, cap, black)
(NSUBJ, yellowish-white, head)
(NSUBJ, dark, dark adults)
(NSUBJ, dark, brown)
(ADVMOD, dark, head)
(AMOD, underparts, somewhat paler)
(AMOD, flash, white)
(AMOD, flash, diagnostic)
(AMOD, flash, double)
(NMOD:ON, underwing, diagnostic flash)
(NMOD:ON, underwing, double flash)
(NMOD:FROM, twisted, horizontal)
