(NSUBJ, long, it)
(NMOD:NPMOD, long, 28 cm)
(AMOD, bill, strong)
(AMOD, bill, black)
(AMOD, head, blue)
(AMOD, nape, strong)
(AMOD, nape, black)
(AMOD, crest, whitish)
(AMOD, forehead, whitish)
(AMOD, supercilium, whitish)
(AMOD, bib, blue)
(AMOD, wings, blue)
(AMOD, underparts, grayish)
(AMOD, back, gray)
(AMOD, tail, long)
(AMOD, tail, blue)
(AMOD, legs, black)
(NMOD:ON, head, feathers)
(NMOD:ON, head, brown feathers)
(AMOD, upperparts, gray)
(AMOD, underparts, gray)
(AMOD, head, blue)
(AMOD, eyebrows, pale)
(NSUBJ, gray, throat)
(AMOD, streaks, blue-gray)
(NSUBJ, blue, wings)
(NSUBJ, black, bill)


(AMOD, head, blue)

(AMOD, necklace, blue)
(AMOD, description, immature)
