(AMOD, breasts, gray)
(AMOD, backs, gray)
(AMOD, wings, gray)
(AMOD, belly, white)
(AMOD, heads, gray)
(NMOD:IN, variation, plumage details)
(NMOD:IN, distinctively, flight)
(AMOD, feathers, white)
(AMOD, feathers, outer)
(NSUBJ, pinkish, bill)
(ADVMOD, pinkish, usually)
(AMOD, pinkish, pale)
(AMOD, markings, darker)
(AMOD, markings, more)
(AMOD, markings, conspicuous)
(NMOD:THAN, markings, females)

(AMOD, body, black)
(AMOD, head, dark)
(AMOD, head, slate-gray)
(AMOD, breast, dark)
(AMOD, breast, slate-gray)
(AMOD, upperparts, dark)
(AMOD, upperparts, slate-gray)
(NSUBJ, gray, females)
(ADVMOD, gray, brownish)
(ADVMOD, gray, sometimes)
(AMOD, flanks, reddish-brown)
(AMOD, head, medium-gray)
(AMOD, breast, medium-gray)
(AMOD, upperparts, medium-gray)
(AMOD, bars, white)

(ADVMOD, white, more)
(NMOD:IN, white, tail)
(AMOD, head, blackish-gray)
(AMOD, breast, blackish-gray)
(AMOD, back, brown)
(AMOD, wings, brown)
(AMOD, flanks, brown)
(AMOD, plumage, duller)
(NMOD:IN, plumage, inland)
(AMOD, head, gray)
(AMOD, breast, gray)
(AMOD, lores, dark)
(NSUBJ, brown, back)
(NSUBJ, richer, that)
(NMOD:OF, more, flanks)
(ADVMOD, light, essentially)
(ADVMOD, light, rather)
(NSUBJ, gray, subspecies)
(AMOD, back, rusty)
(AMOD, bill, more silvery)
(AMOD, mandible, dark)
(AMOD, mandible, upper)
(NMOD:ON, wings, rust)
(AMOD, underparts, pale)
(AMOD, eye, dark)
(NSUBJ, grayish, slightly glossy eggs)
(AMOD, shades, various)
(NMOD:OF, shades, brown)
(AMOD, shades, purple)
(AMOD, bluish-white, pale)
