(AMOD, head, bright)
(AMOD, head, green)
(NSUBJ, brown, female)
(AMOD, brown, light)

(NMOD:OF, wingspan, 81)
(AMOD, head, bright)
(AMOD, head, bottle-green)
(AMOD, bill, yellowish)
(AMOD, bill, orange)
(AMOD, end, black)
(AMOD, end, rear)
(AMOD, collar, white)
(AMOD, breast, purple-tinged)
(AMOD, breast, brown)
(AMOD, wings, grey)
(AMOD, wings, brown)
(AMOD, belly, pale)
(AMOD, belly, grey)
(AMOD, tail, dark)
(AMOD, borders, white)
(AMOD, crown, darker)
(AMOD, speculum, distinct)
(AMOD, speculum, purple)
(NMOD:UPON, yellow, hatching)
(NSUBJ, yellow, plumage colouring)
(NSUBJ, yellow, duckling colouring)
(NMOD:ON, underside, hatching yellow)
(NMOD:ON, underside, plumage colouring yellow)
(NMOD:ON, underside, duckling colouring yellow)
(NMOD:ON, face, hatching yellow)
(NMOD:ON, face, plumage colouring yellow)
(NMOD:ON, face, duckling colouring yellow)
(NMOD:UPON, black, hatching)
(NSUBJ, black, plumage colouring)
(NSUBJ, black, duckling colouring)
(NMOD:OF, back, head)
(NMOD:OF, top, head)
(NSUBJ, black, legs)
(ADVMOD, black, also)
(NSUBJ, yellow, colouring)
(NMOD:IN, yellow, males)
(NMOD:FOR, yellow, females)


(AMOD, bill, orange-lined)
(AMOD, belly, white)
(AMOD, speculum, black)
(NMOD:IN, wings, flight)
(NMOD:ON, wings, white square)
(AMOD, stereotypically, deeper)
