(AMOD, head, large)
(AMOD, tail, short)
(AMOD, bill, powerful)
(NSUBJ, bird, it)
(AMOD, bird, stocky)
(NSUBJ, pale, upperparts)
(ADVMOD, pale, blue-gray)
(NSUBJ, white, face)
(AMOD, cap, black)
(AMOD, belly, chestnut)

(AMOD, head, large)
(AMOD, tail, short)
(AMOD, wings, short)
(AMOD, bill, powerful)
(NMOD:OF, wingspan, 20)
(AMOD, upperparts, pale)
(AMOD, upperparts, blue-gray)
(AMOD, cap, glossy)
(AMOD, cap, black)
(AMOD, band, black)
(AMOD, back, upper)
(NMOD:ON, back, black band)
(ADVMOD, dark, very)
(NSUBJ, gray, coverts)
(NSUBJ, gray, wing)
(AMOD, gray, pale)
(NSUBJ, black, wing)
(AMOD, black, pale)
(AMOD, bar, thin)
(AMOD, bar, white)
(NSUBJ, white, face)
(NSUBJ, black, outer feathers)
(AMOD, bands, broad)
(AMOD, bands, diagonal)
(AMOD, bands, white)
(NMOD:ACROSS, bands, outer feathers)
(NMOD:ACROSS, bands, three feathers)
(NSUBJ, visible, feature)
(ADVMOD, visible, readily)
(NMOD:IN, visible, flight)
(AMOD, band, narrower)
(AMOD, band, black)
(ADVMOD, upperparts, slightly)
(AMOD, upperparts, duller)
(NSUBJ, gray, cap)
(AMOD, caps, black)


(AMOD, plumage, white)
(AMOD, distinctions, further)
(AMOD, underparts, reddish)
(AMOD, cap, brown)
(AMOD, patch, white)
(NMOD:OF, nape, neck)
(NMOD:ON, nape, white patch)
(AMOD, line, black)
(AMOD, bill, thicker)
(AMOD, stripe, broader)
(AMOD, stripe, dark)
(NMOD:THAN, stripe, interior races)
