(AMOD, bill, pointed)
(AMOD, bars, white)
(AMOD, head, orange)
(NMOD:ON, face, black)
(NMOD:ON, throat, black)
(NSUBJ, black, they)
(NMOD:ON, back, they black)
(NMOD:ON, wings, they black)
(NMOD:ON, tail, they black)
(NMOD:ON, underparts, orange)
(NMOD:ON, breast, yellowish)
(NMOD:ON, belly, yellowish)
(AMOD, parts, upper)
(NMOD:ON, parts, adult female olive-green)
(AMOD, head, bright)
(AMOD, nape, bright)
(AMOD, back, black)
(AMOD, face, black)
(AMOD, throat, black)
(AMOD, breast, upper)
(NSUBJ, decurved, bill)
(ADVMOD, decurved, slightly)
(NUMMOD, bars, two)
(AMOD, bars, white)




(AMOD, tail, long)
(AMOD, orange, male)
(AMOD, orange, bright)
(AMOD, bib, black)
(AMOD, yellow, female)
(AMOD, yellow, drab)

(AMOD, bib, narrow)
(AMOD, mask, narrow)
(AMOD, edges, pale)
(NMOD:IN, edges, fresh plumages)

(NSUBJ, yellow, olive)
(NMOD:ON, head, olive yellow)
(NMOD:ON, rump, olive yellow)
(NMOD:ON, tail, olive yellow)

(AMOD, grayish, dull)
(NUMMOD, wingbars, two)
(AMOD, wingbars, white)
(AMOD, one, top)
(AMOD, one, broader)

(AMOD, bib, black)
(AMOD, bib, less extensive)
(NMOD:THAN, bib, adult male)
(AMOD, mask, black)
(AMOD, mask, less extensive)
(NMOD:THAN, mask, adult male)

(ADVMOD, gray, dusky)
(NUMMOD, wingbars, two)
(AMOD, wingbars, white)
