(nsubj) yellow belly
(amod) yellow bright
(nsubj) black wings
(amod) bars white
(amod) patches yellow
(nsubj) yellow tail
(amod) tip thick
(amod) tip black
(amod) beats rapid


(amod) bill thin
(amod) bill straight
(amod) bill pointed
(amod) wing dark

(amod) head black
(amod) male lemon
(amod) male yellow
(advmod) head back
(amod) chest black
(amod) yellow lemon
(amod) wings black
(amod) wingbar white
(amod) wingbar yellow
(amod) wingbar upper
(amod) tail black
(amod) bases yellow
(advmod) head back
(amod) spots black

(amod) olive yellowish
(amod) wings brownish black
(amod) wingbars whitish

(amod) olive juvenile
(amod) olive dull
(amod) description immature

(advmod) brownish more
(advmod) black back
